<?xml version="1.0" encoding="UTF-8"?>
<testsuite xmlns:xsi="http://www.w3.org/2001/XMLSchema-instance" xsi:noNamespaceSchemaLocation="https://maven.apache.org/surefire/maven-surefire-plugin/xsd/surefire-test-report-3.0.xsd" version="3.0" name="TestSuite" time="132.355" tests="1" errors="0" skipped="0" failures="0">
  <properties>
    <property name="java.specification.version" value="15"/>
    <property name="sun.jnu.encoding" value="UTF-8"/>
    <property name="java.class.path" value="/Users/leslietan/Downloads/Chick-Fil-A-appium-script-3186190-p21572-manual-testng-v5/manual/target/test-classes:/Users/leslietan/Downloads/Chick-Fil-A-appium-script-3186190-p21572-manual-testng-v5/manual/target/classes:/Users/leslietan/.m2/repository/org/testng/testng/7.4.0/testng-7.4.0.jar:/Users/leslietan/.m2/repository/com/beust/jcommander/1.78/jcommander-1.78.jar:/Users/leslietan/.m2/repository/org/webjars/jquery/3.5.1/jquery-3.5.1.jar:/Users/leslietan/.m2/repository/org/testng/reportng/1.2.2/reportng-1.2.2.jar:/Users/leslietan/.m2/repository/org/freemarker/freemarker/2.3.28/freemarker-2.3.28.jar:/Users/leslietan/.m2/repository/com/google/inject/guice/4.2.0/guice-4.2.0.jar:/Users/leslietan/.m2/repository/javax/inject/javax.inject/1/javax.inject-1.jar:/Users/leslietan/.m2/repository/aopalliance/aopalliance/1.0/aopalliance-1.0.jar:/Users/leslietan/.m2/repository/org/seleniumhq/selenium/selenium-java/3.141.59/selenium-java-3.141.59.jar:/Users/leslietan/.m2/repository/org/seleniumhq/selenium/selenium-api/3.141.59/selenium-api-3.141.59.jar:/Users/leslietan/.m2/repository/org/seleniumhq/selenium/selenium-chrome-driver/3.141.59/selenium-chrome-driver-3.141.59.jar:/Users/leslietan/.m2/repository/org/seleniumhq/selenium/selenium-edge-driver/3.141.59/selenium-edge-driver-3.141.59.jar:/Users/leslietan/.m2/repository/org/seleniumhq/selenium/selenium-firefox-driver/3.141.59/selenium-firefox-driver-3.141.59.jar:/Users/leslietan/.m2/repository/org/seleniumhq/selenium/selenium-ie-driver/3.141.59/selenium-ie-driver-3.141.59.jar:/Users/leslietan/.m2/repository/org/seleniumhq/selenium/selenium-opera-driver/3.141.59/selenium-opera-driver-3.141.59.jar:/Users/leslietan/.m2/repository/org/seleniumhq/selenium/selenium-remote-driver/3.141.59/selenium-remote-driver-3.141.59.jar:/Users/leslietan/.m2/repository/org/seleniumhq/selenium/selenium-safari-driver/3.141.59/selenium-safari-driver-3.141.59.jar:/Users/leslietan/.m2/repository/org/seleniumhq/selenium/selenium-support/3.141.59/selenium-support-3.141.59.jar:/Users/leslietan/.m2/repository/net/bytebuddy/byte-buddy/1.8.15/byte-buddy-1.8.15.jar:/Users/leslietan/.m2/repository/org/apache/commons/commons-exec/1.3/commons-exec-1.3.jar:/Users/leslietan/.m2/repository/com/google/guava/guava/25.0-jre/guava-25.0-jre.jar:/Users/leslietan/.m2/repository/com/google/code/findbugs/jsr305/1.3.9/jsr305-1.3.9.jar:/Users/leslietan/.m2/repository/org/checkerframework/checker-compat-qual/2.0.0/checker-compat-qual-2.0.0.jar:/Users/leslietan/.m2/repository/com/google/errorprone/error_prone_annotations/2.1.3/error_prone_annotations-2.1.3.jar:/Users/leslietan/.m2/repository/com/google/j2objc/j2objc-annotations/1.1/j2objc-annotations-1.1.jar:/Users/leslietan/.m2/repository/org/codehaus/mojo/animal-sniffer-annotations/1.14/animal-sniffer-annotations-1.14.jar:/Users/leslietan/.m2/repository/com/squareup/okhttp3/okhttp/3.11.0/okhttp-3.11.0.jar:/Users/leslietan/.m2/repository/com/squareup/okio/okio/1.14.0/okio-1.14.0.jar:/Users/leslietan/.m2/repository/io/appium/java-client/7.3.0/java-client-7.3.0.jar:/Users/leslietan/.m2/repository/org/apache/httpcomponents/httpclient/4.5.9/httpclient-4.5.9.jar:/Users/leslietan/.m2/repository/org/apache/httpcomponents/httpcore/4.4.11/httpcore-4.4.11.jar:/Users/leslietan/.m2/repository/commons-logging/commons-logging/1.2/commons-logging-1.2.jar:/Users/leslietan/.m2/repository/commons-codec/commons-codec/1.11/commons-codec-1.11.jar:/Users/leslietan/.m2/repository/cglib/cglib/3.2.12/cglib-3.2.12.jar:/Users/leslietan/.m2/repository/org/ow2/asm/asm/7.1/asm-7.1.jar:/Users/leslietan/.m2/repository/commons-validator/commons-validator/1.6/commons-validator-1.6.jar:/Users/leslietan/.m2/repository/commons-beanutils/commons-beanutils/1.9.2/commons-beanutils-1.9.2.jar:/Users/leslietan/.m2/repository/commons-digester/commons-digester/1.8.1/commons-digester-1.8.1.jar:/Users/leslietan/.m2/repository/commons-collections/commons-collections/3.2.2/commons-collections-3.2.2.jar:/Users/leslietan/.m2/repository/org/apache/commons/commons-lang3/3.9/commons-lang3-3.9.jar:/Users/leslietan/.m2/repository/commons-io/commons-io/2.6/commons-io-2.6.jar:/Users/leslietan/.m2/repository/org/springframework/spring-context/5.1.8.RELEASE/spring-context-5.1.8.RELEASE.jar:/Users/leslietan/.m2/repository/org/springframework/spring-aop/5.1.8.RELEASE/spring-aop-5.1.8.RELEASE.jar:/Users/leslietan/.m2/repository/org/springframework/spring-beans/5.1.8.RELEASE/spring-beans-5.1.8.RELEASE.jar:/Users/leslietan/.m2/repository/org/springframework/spring-core/5.1.8.RELEASE/spring-core-5.1.8.RELEASE.jar:/Users/leslietan/.m2/repository/org/springframework/spring-jcl/5.1.8.RELEASE/spring-jcl-5.1.8.RELEASE.jar:/Users/leslietan/.m2/repository/org/springframework/spring-expression/5.1.8.RELEASE/spring-expression-5.1.8.RELEASE.jar:/Users/leslietan/.m2/repository/org/aspectj/aspectjweaver/1.9.4/aspectjweaver-1.9.4.jar:/Users/leslietan/.m2/repository/org/slf4j/slf4j-api/1.7.26/slf4j-api-1.7.26.jar:/Users/leslietan/.m2/repository/org/dom4j/dom4j/2.1.3/dom4j-2.1.3.jar:/Users/leslietan/.m2/repository/jaxen/jaxen/1.2.0/jaxen-1.2.0.jar:/Users/leslietan/.m2/repository/com/google/code/gson/gson/2.8.6/gson-2.8.6.jar:/Users/leslietan/.m2/repository/org/nanohttpd/nanohttpd/2.3.1/nanohttpd-2.3.1.jar:/Users/leslietan/.m2/repository/com/googlecode/libphonenumber/libphonenumber/8.12.24/libphonenumber-8.12.24.jar:"/>
    <property name="java.vm.vendor" value="Oracle Corporation"/>
    <property name="sun.arch.data.model" value="64"/>
    <property name="sun.font.fontmanager" value="sun.font.CFontManager"/>
    <property name="java.vendor.url" value="https://java.oracle.com/"/>
    <property name="user.timezone" value="America/New_York"/>
    <property name="os.name" value="Mac OS X"/>
    <property name="java.vm.specification.version" value="15"/>
    <property name="sun.java.launcher" value="SUN_STANDARD"/>
    <property name="user.country" value="US"/>
    <property name="sun.boot.library.path" value="/Users/leslietan/Library/Java/JavaVirtualMachines/openjdk-15.0.2/Contents/Home/lib"/>
    <property name="sun.java.command" value="/Users/leslietan/Downloads/Chick-Fil-A-appium-script-3186190-p21572-manual-testng-v5/manual/target/surefire/surefirebooter13760419733262989635.jar /Users/leslietan/Downloads/Chick-Fil-A-appium-script-3186190-p21572-manual-testng-v5/manual/target/surefire 2021-09-17T13-54-30_070-jvmRun1 surefire5917131557831229715tmp surefire_07858978078822199318tmp"/>
    <property name="http.nonProxyHosts" value="local|*.local|169.254/16|*.169.254/16"/>
    <property name="jdk.debug" value="release"/>
    <property name="surefire.test.class.path" value="/Users/leslietan/Downloads/Chick-Fil-A-appium-script-3186190-p21572-manual-testng-v5/manual/target/test-classes:/Users/leslietan/Downloads/Chick-Fil-A-appium-script-3186190-p21572-manual-testng-v5/manual/target/classes:/Users/leslietan/.m2/repository/org/testng/testng/7.4.0/testng-7.4.0.jar:/Users/leslietan/.m2/repository/com/beust/jcommander/1.78/jcommander-1.78.jar:/Users/leslietan/.m2/repository/org/webjars/jquery/3.5.1/jquery-3.5.1.jar:/Users/leslietan/.m2/repository/org/testng/reportng/1.2.2/reportng-1.2.2.jar:/Users/leslietan/.m2/repository/org/freemarker/freemarker/2.3.28/freemarker-2.3.28.jar:/Users/leslietan/.m2/repository/com/google/inject/guice/4.2.0/guice-4.2.0.jar:/Users/leslietan/.m2/repository/javax/inject/javax.inject/1/javax.inject-1.jar:/Users/leslietan/.m2/repository/aopalliance/aopalliance/1.0/aopalliance-1.0.jar:/Users/leslietan/.m2/repository/org/seleniumhq/selenium/selenium-java/3.141.59/selenium-java-3.141.59.jar:/Users/leslietan/.m2/repository/org/seleniumhq/selenium/selenium-api/3.141.59/selenium-api-3.141.59.jar:/Users/leslietan/.m2/repository/org/seleniumhq/selenium/selenium-chrome-driver/3.141.59/selenium-chrome-driver-3.141.59.jar:/Users/leslietan/.m2/repository/org/seleniumhq/selenium/selenium-edge-driver/3.141.59/selenium-edge-driver-3.141.59.jar:/Users/leslietan/.m2/repository/org/seleniumhq/selenium/selenium-firefox-driver/3.141.59/selenium-firefox-driver-3.141.59.jar:/Users/leslietan/.m2/repository/org/seleniumhq/selenium/selenium-ie-driver/3.141.59/selenium-ie-driver-3.141.59.jar:/Users/leslietan/.m2/repository/org/seleniumhq/selenium/selenium-opera-driver/3.141.59/selenium-opera-driver-3.141.59.jar:/Users/leslietan/.m2/repository/org/seleniumhq/selenium/selenium-remote-driver/3.141.59/selenium-remote-driver-3.141.59.jar:/Users/leslietan/.m2/repository/org/seleniumhq/selenium/selenium-safari-driver/3.141.59/selenium-safari-driver-3.141.59.jar:/Users/leslietan/.m2/repository/org/seleniumhq/selenium/selenium-support/3.141.59/selenium-support-3.141.59.jar:/Users/leslietan/.m2/repository/net/bytebuddy/byte-buddy/1.8.15/byte-buddy-1.8.15.jar:/Users/leslietan/.m2/repository/org/apache/commons/commons-exec/1.3/commons-exec-1.3.jar:/Users/leslietan/.m2/repository/com/google/guava/guava/25.0-jre/guava-25.0-jre.jar:/Users/leslietan/.m2/repository/com/google/code/findbugs/jsr305/1.3.9/jsr305-1.3.9.jar:/Users/leslietan/.m2/repository/org/checkerframework/checker-compat-qual/2.0.0/checker-compat-qual-2.0.0.jar:/Users/leslietan/.m2/repository/com/google/errorprone/error_prone_annotations/2.1.3/error_prone_annotations-2.1.3.jar:/Users/leslietan/.m2/repository/com/google/j2objc/j2objc-annotations/1.1/j2objc-annotations-1.1.jar:/Users/leslietan/.m2/repository/org/codehaus/mojo/animal-sniffer-annotations/1.14/animal-sniffer-annotations-1.14.jar:/Users/leslietan/.m2/repository/com/squareup/okhttp3/okhttp/3.11.0/okhttp-3.11.0.jar:/Users/leslietan/.m2/repository/com/squareup/okio/okio/1.14.0/okio-1.14.0.jar:/Users/leslietan/.m2/repository/io/appium/java-client/7.3.0/java-client-7.3.0.jar:/Users/leslietan/.m2/repository/org/apache/httpcomponents/httpclient/4.5.9/httpclient-4.5.9.jar:/Users/leslietan/.m2/repository/org/apache/httpcomponents/httpcore/4.4.11/httpcore-4.4.11.jar:/Users/leslietan/.m2/repository/commons-logging/commons-logging/1.2/commons-logging-1.2.jar:/Users/leslietan/.m2/repository/commons-codec/commons-codec/1.11/commons-codec-1.11.jar:/Users/leslietan/.m2/repository/cglib/cglib/3.2.12/cglib-3.2.12.jar:/Users/leslietan/.m2/repository/org/ow2/asm/asm/7.1/asm-7.1.jar:/Users/leslietan/.m2/repository/commons-validator/commons-validator/1.6/commons-validator-1.6.jar:/Users/leslietan/.m2/repository/commons-beanutils/commons-beanutils/1.9.2/commons-beanutils-1.9.2.jar:/Users/leslietan/.m2/repository/commons-digester/commons-digester/1.8.1/commons-digester-1.8.1.jar:/Users/leslietan/.m2/repository/commons-collections/commons-collections/3.2.2/commons-collections-3.2.2.jar:/Users/leslietan/.m2/repository/org/apache/commons/commons-lang3/3.9/commons-lang3-3.9.jar:/Users/leslietan/.m2/repository/commons-io/commons-io/2.6/commons-io-2.6.jar:/Users/leslietan/.m2/repository/org/springframework/spring-context/5.1.8.RELEASE/spring-context-5.1.8.RELEASE.jar:/Users/leslietan/.m2/repository/org/springframework/spring-aop/5.1.8.RELEASE/spring-aop-5.1.8.RELEASE.jar:/Users/leslietan/.m2/repository/org/springframework/spring-beans/5.1.8.RELEASE/spring-beans-5.1.8.RELEASE.jar:/Users/leslietan/.m2/repository/org/springframework/spring-core/5.1.8.RELEASE/spring-core-5.1.8.RELEASE.jar:/Users/leslietan/.m2/repository/org/springframework/spring-jcl/5.1.8.RELEASE/spring-jcl-5.1.8.RELEASE.jar:/Users/leslietan/.m2/repository/org/springframework/spring-expression/5.1.8.RELEASE/spring-expression-5.1.8.RELEASE.jar:/Users/leslietan/.m2/repository/org/aspectj/aspectjweaver/1.9.4/aspectjweaver-1.9.4.jar:/Users/leslietan/.m2/repository/org/slf4j/slf4j-api/1.7.26/slf4j-api-1.7.26.jar:/Users/leslietan/.m2/repository/org/dom4j/dom4j/2.1.3/dom4j-2.1.3.jar:/Users/leslietan/.m2/repository/jaxen/jaxen/1.2.0/jaxen-1.2.0.jar:/Users/leslietan/.m2/repository/com/google/code/gson/gson/2.8.6/gson-2.8.6.jar:/Users/leslietan/.m2/repository/org/nanohttpd/nanohttpd/2.3.1/nanohttpd-2.3.1.jar:/Users/leslietan/.m2/repository/com/googlecode/libphonenumber/libphonenumber/8.12.24/libphonenumber-8.12.24.jar:"/>
    <property name="sun.cpu.endian" value="little"/>
    <property name="user.home" value="/Users/leslietan"/>
    <property name="user.language" value="en"/>
    <property name="java.specification.vendor" value="Oracle Corporation"/>
    <property name="java.version.date" value="2021-01-19"/>
    <property name="java.home" value="/Users/leslietan/Library/Java/JavaVirtualMachines/openjdk-15.0.2/Contents/Home"/>
    <property name="file.separator" value="/"/>
    <property name="basedir" value="/Users/leslietan/Downloads/Chick-Fil-A-appium-script-3186190-p21572-manual-testng-v5/manual"/>
    <property name="java.vm.compressedOopsMode" value="Zero based"/>
    <property name="line.separator" value="&#10;"/>
    <property name="java.specification.name" value="Java Platform API Specification"/>
    <property name="java.vm.specification.vendor" value="Oracle Corporation"/>
    <property name="surefire.real.class.path" value="/Users/leslietan/Downloads/Chick-Fil-A-appium-script-3186190-p21572-manual-testng-v5/manual/target/surefire/surefirebooter13760419733262989635.jar"/>
    <property name="sun.management.compiler" value="HotSpot 64-Bit Tiered Compilers"/>
    <property name="ftp.nonProxyHosts" value="local|*.local|169.254/16|*.169.254/16"/>
    <property name="java.runtime.version" value="15.0.2+7-27"/>
    <property name="user.name" value="leslietan"/>
    <property name="path.separator" value=":"/>
    <property name="os.version" value="10.16"/>
    <property name="java.runtime.name" value="OpenJDK Runtime Environment"/>
    <property name="file.encoding" value="UTF-8"/>
    <property name="java.vm.name" value="OpenJDK 64-Bit Server VM"/>
    <property name="localRepository" value="/Users/leslietan/.m2/repository"/>
    <property name="java.vendor.url.bug" value="https://bugreport.java.com/bugreport/"/>
    <property name="java.io.tmpdir" value="/var/folders/_g/945d4p5d2gq4j6xpzxq2lnr80000gn/T/"/>
    <property name="java.version" value="15.0.2"/>
    <property name="user.dir" value="/Users/leslietan/Downloads/Chick-Fil-A-appium-script-3186190-p21572-manual-testng-v5/manual"/>
    <property name="os.arch" value="x86_64"/>
    <property name="java.vm.specification.name" value="Java Virtual Machine Specification"/>
    <property name="java.library.path" value="/Users/leslietan/Library/Java/Extensions:/Library/Java/Extensions:/Network/Library/Java/Extensions:/System/Library/Java/Extensions:/usr/lib/java:."/>
    <property name="java.vm.info" value="mixed mode, sharing"/>
    <property name="java.vendor" value="Oracle Corporation"/>
    <property name="java.vm.version" value="15.0.2+7-27"/>
    <property name="sun.io.unicode.encoding" value="UnicodeBig"/>
    <property name="socksNonProxyHosts" value="local|*.local|169.254/16|*.169.254/16"/>
    <property name="java.class.version" value="59.0"/>
  </properties>
  <testcase name="testOnGalaxyS8PayloadAndroid9" classname="com.kobiton.scriptlessautomation.TestSuite" time="131.435">
    <system-out><![CDATA[Is device (name: *, platform: 9) online, retrying at 1st time?
Device found: Galaxy S9+ - 9
Find element by: By.xpath: /hierarchy/android.widget.FrameLayout/android.view.ViewGroup[2]/androidx.viewpager.widget.ViewPager/androidx.recyclerview.widget.RecyclerView/android.widget.LinearLayout[2]
Touch on element null at relative point (0.17963 0.63492)
Touch at point (194, 850)
Find element by: By.xpath: /hierarchy/android.widget.FrameLayout/android.view.ViewGroup[2]/android.widget.ScrollView/androidx.recyclerview.widget.RecyclerView/android.widget.LinearLayout[2]
Touch on element null at relative point (0.16944 0.51429)
Touch at point (182, 717)
Find element by: By.xpath: /hierarchy/android.widget.FrameLayout/android.view.ViewGroup/android.view.ViewGroup/androidx.viewpager.widget.ViewPager/androidx.recyclerview.widget.RecyclerView/android.view.ViewGroup[2]
Touch on element null at relative point (0.49085 0.32813)
Touch at point (536, 510)
Find element by: By.AccessibilityId: My Order tab 5 of 5
Touch on element My Order tab 5 of 5 at relative point (0.56019 0.41071)
Touch at point (985, 1976)
Press on HOME key
]]></system-out>
    <system-err><![CDATA[Sep 17, 2021 1:55:34 PM io.appium.java_client.remote.AppiumCommandExecutor$1 lambda$0
INFO: Detected dialect: W3C
]]></system-err>
  </testcase>
</testsuite>