<?xml version="1.0" encoding="UTF-8"?>
<!-- Generated by org.testng.reporters.JUnitReportReporter -->
<testsuite hostname="Leslies-MacBook-Pro.local" failures="0" tests="1" name="com.kobiton.scriptlessautomation.TestSuite" time="131.432" errors="0" timestamp="2021-09-17T13:56:42 EDT" skipped="0">
  <testcase classname="com.kobiton.scriptlessautomation.TestSuite" name="testOnGalaxyS8PayloadAndroid9" time="131.432"/>
  <system-out>
    <![CDATA[View session at: https://portal.kobiton.com/sessions/3194826]]>
  </system-out>
</testsuite> <!-- com.kobiton.scriptlessautomation.TestSuite -->
